<?xml version="1.0" encoding="UTF-8"?>
<!-- Generated by org.testng.reporters.JUnitReportReporter -->
<testsuite skipped="1" hostname="SHN1706FY3TQ32" name="com.jl.crawl.main.NewTestMeta" tests="2" failures="0" timestamp="11 Sep 2018 13:31:44 GMT" time="0.000" errors="1">
  <testcase name="testMeta" time="0.000" classname="com.jl.crawl.main.NewTestMeta">
    <skipped/>
  </testcase> <!-- testMeta -->
  <testcase name="getDataFormFile" time="0.000" classname="com.jl.crawl.main.NewTestMeta">
    <error type="org.testng.TestNGException" message="
Parameter &#039;filePath&#039; is required by @Test on method getDataFormFile but has not been marked @Optional or defined
in C:\Users\li.jiang\AppData\Local\Temp\testng-eclipse-2088056296\testng-customsuite.xml">
      <![CDATA[org.testng.TestNGException: 
Parameter 'filePath' is required by @Test on method getDataFormFile but has not been marked @Optional or defined
in C:\Users\li.jiang\AppData\Local\Temp\testng-eclipse-2088056296\testng-customsuite.xml
	at org.testng.internal.Parameters.createParameters(Parameters.java:156)
	at org.testng.internal.Parameters.createParameters(Parameters.java:370)
	at org.testng.internal.Parameters.handleParameters(Parameters.java:495)
	at org.testng.internal.Invoker.handleParameters(Invoker.java:1253)
	at org.testng.internal.Invoker.createParameters(Invoker.java:980)
	at org.testng.internal.Invoker.invokeTestMethods(Invoker.java:1070)
	at org.testng.internal.TestMethodWorker.invokeTestMethods(TestMethodWorker.java:129)
	at org.testng.internal.TestMethodWorker.run(TestMethodWorker.java:112)
	at org.testng.TestRunner.privateRun(TestRunner.java:753)
	at org.testng.TestRunner.run(TestRunner.java:607)
	at org.testng.SuiteRunner.runTest(SuiteRunner.java:368)
	at org.testng.SuiteRunner.runSequentially(SuiteRunner.java:363)
	at org.testng.SuiteRunner.privateRun(SuiteRunner.java:321)
	at org.testng.SuiteRunner.run(SuiteRunner.java:270)
	at org.testng.SuiteRunnerWorker.runSuite(SuiteRunnerWorker.java:52)
	at org.testng.SuiteRunnerWorker.run(SuiteRunnerWorker.java:86)
	at org.testng.TestNG.runSuitesSequentially(TestNG.java:1284)
	at org.testng.TestNG.runSuitesLocally(TestNG.java:1209)
	at org.testng.TestNG.runSuites(TestNG.java:1124)
	at org.testng.TestNG.run(TestNG.java:1096)
	at org.testng.remote.AbstractRemoteTestNG.run(AbstractRemoteTestNG.java:132)
	at org.testng.remote.RemoteTestNG.initAndRun(RemoteTestNG.java:236)
	at org.testng.remote.RemoteTestNG.main(RemoteTestNG.java:81)
]]>
    </error>
  </testcase> <!-- getDataFormFile -->
</testsuite> <!-- com.jl.crawl.main.NewTestMeta -->
